Arguments: 
  C:\Program Files\nodejs\node.exe C:\Users\ICTSAM\AppData\Roaming\npm\node_modules\yarn\bin\yarn.js add --D typescript ts-node-dev @types/node @types/express sequelize-cli

PATH: 
  C:\Users\ICTSAM\bin;C:\Program Files\Git\mingw64\bin;C:\Program Files\Git\usr\local\bin;C:\Program Files\Git\usr\bin;C:\Program Files\Git\usr\bin;C:\Program Files\Git\mingw64\bin;C:\Program Files\Git\usr\bin;C:\Users\ICTSAM\bin;C:\Program Files\Common Files\Oracle\Java\javapath;C:\Program Files (x86)\Common Files\Oracle\Java\javapath;C:\Python310\Scripts;C:\Python310;C:\WINDOWS\system32;C:\WINDOWS;C:\WINDOWS\System32\Wbem;C:\WINDOWS\System32\WindowsPowerShell\v1.0;C:\WINDOWS\System32\OpenSSH;C:\Program Files\nodejs;C:\ProgramData\chocolatey\bin;C:\Program Files\PuTTY;C:\Program Files\MySQL\MySQL Server 8.0\bin;C:\Program Files\Git\cmd;C:\Program Files\MySQL\MySQL Shell 8.0\bin;C:\Users\ICTSAM\AppData\Local\Microsoft\WindowsApps;C:\Users\ICTSAM\AppData\Roaming\npm;C:\Users\ICTSAM\AppData\Local\Programs\Hyper\resources\bin;C:\Users\ICTSAM\AppData\Local\GitHubDesktop\bin;C:\Users\ICTSAM\AppData\Local\Programs\Microsoft VS Code\bin;C:\Program Files\Git\usr\bin\vendor_perl;C:\Program Files\Git\usr\bin\core_perl

Yarn version: 
  1.22.18

Node version: 
  16.14.2

Platform: 
  win32 x64

Trace: 
  SyntaxError: C:\Users\ICTSAM\Documents\GitHub\API_TypeScripy_Sequelize\package.json: Unexpected token n in JSON at position 285
      at JSON.parse (<anonymous>)
      at C:\Users\ICTSAM\AppData\Roaming\npm\node_modules\yarn\lib\cli.js:1625:59
      at Generator.next (<anonymous>)
      at step (C:\Users\ICTSAM\AppData\Roaming\npm\node_modules\yarn\lib\cli.js:310:30)
      at C:\Users\ICTSAM\AppData\Roaming\npm\node_modules\yarn\lib\cli.js:321:13

npm manifest: 
  {
    "name": "API_TypeScripy_Sequelize",
    "version": "1.0.0",
    "main": "index.js",
    "repository": "https://github.com/ThiagoCardosoSoares/API_TypeScripy_Sequelize.git",
    "author": "ThiagoCardosoSoares <100891121+ThiagoCardosoSoares@users.noreply.github.com>",
    "license": "MIT"
  }
  
  npm i -D typescript ts-node-dev @types/node @types/express sequelize-cli
  npm i express sequelize pg dotenv

yarn manifest: 
  No manifest

Lockfile: 
  No lockfile
